Analysis & Synthesis report for RXTX
Mon Jan 02 14:53:49 2023
Quartus Prime Version 17.0.0 Build 595 04/25/2017 SJ Lite Edition


---------------------
; Table of Contents ;
---------------------
  1. Legal Notice
  2. Analysis & Synthesis Summary
  3. Analysis & Synthesis Settings
  4. Parallel Compilation
  5. Analysis & Synthesis Source Files Read
  6. Analysis & Synthesis Resource Usage Summary
  7. Analysis & Synthesis Resource Utilization by Entity
  8. State Machine - |rxtx|distance:inst18|state
  9. Registers Removed During Synthesis
 10. General Register Statistics
 11. Inverted Register Statistics
 12. Multiplexer Restructuring Statistics (Restructuring Performed)
 13. Parameter Settings for Inferred Entity Instance: pwm_motor:inst25|lpm_mult:Mult0
 14. Parameter Settings for Inferred Entity Instance: pwm_servo:inst17|lpm_mult:Mult0
 15. lpm_mult Parameter Settings by Entity Instance
 16. Post-Synthesis Netlist Statistics for Top Partition
 17. Elapsed Time Per Partition
 18. Analysis & Synthesis Messages



----------------
; Legal Notice ;
----------------
Copyright (C) 2017  Intel Corporation. All rights reserved.
Your use of Intel Corporation's design tools, logic functions 
and other software and tools, and its AMPP partner logic 
functions, and any output files from any of the foregoing 
(including device programming or simulation files), and any 
associated documentation or information are expressly subject 
to the terms and conditions of the Intel Program License 
Subscription Agreement, the Intel Quartus Prime License Agreement,
the Intel MegaCore Function License Agreement, or other 
applicable license agreement, including, without limitation, 
that your use is for the sole purpose of programming logic 
devices manufactured by Intel and sold by Intel or its 
authorized distributors.  Please refer to the applicable 
agreement for further details.



+----------------------------------------------------------------------------------+
; Analysis & Synthesis Summary                                                     ;
+------------------------------------+---------------------------------------------+
; Analysis & Synthesis Status        ; Successful - Mon Jan 02 14:53:49 2023       ;
; Quartus Prime Version              ; 17.0.0 Build 595 04/25/2017 SJ Lite Edition ;
; Revision Name                      ; RXTX                                        ;
; Top-level Entity Name              ; rxtx                                        ;
; Family                             ; MAX 10                                      ;
; Total logic elements               ; 588                                         ;
;     Total combinational functions  ; 570                                         ;
;     Dedicated logic registers      ; 252                                         ;
; Total registers                    ; 252                                         ;
; Total pins                         ; 50                                          ;
; Total virtual pins                 ; 0                                           ;
; Total memory bits                  ; 0                                           ;
; Embedded Multiplier 9-bit elements ; 0                                           ;
; Total PLLs                         ; 0                                           ;
; UFM blocks                         ; 0                                           ;
; ADC blocks                         ; 0                                           ;
+------------------------------------+---------------------------------------------+


+----------------------------------------------------------------------------------------------------------------------+
; Analysis & Synthesis Settings                                                                                        ;
+----------------------------------------------------------------------------+--------------------+--------------------+
; Option                                                                     ; Setting            ; Default Value      ;
+----------------------------------------------------------------------------+--------------------+--------------------+
; Device                                                                     ; 10M50DAF484C7G     ;                    ;
; Top-level entity name                                                      ; rxtx               ; RXTX               ;
; Family name                                                                ; MAX 10             ; Cyclone V          ;
; Use smart compilation                                                      ; Off                ; Off                ;
; Enable parallel Assembler and TimeQuest Timing Analyzer during compilation ; On                 ; On                 ;
; Enable compact report table                                                ; Off                ; Off                ;
; Restructure Multiplexers                                                   ; Auto               ; Auto               ;
; Create Debugging Nodes for IP Cores                                        ; Off                ; Off                ;
; Preserve fewer node names                                                  ; On                 ; On                 ;
; OpenCore Plus hardware evaluation                                          ; Enable             ; Enable             ;
; Verilog Version                                                            ; Verilog_2001       ; Verilog_2001       ;
; VHDL Version                                                               ; VHDL_1993          ; VHDL_1993          ;
; State Machine Processing                                                   ; Auto               ; Auto               ;
; Safe State Machine                                                         ; Off                ; Off                ;
; Extract Verilog State Machines                                             ; On                 ; On                 ;
; Extract VHDL State Machines                                                ; On                 ; On                 ;
; Ignore Verilog initial constructs                                          ; Off                ; Off                ;
; Iteration limit for constant Verilog loops                                 ; 5000               ; 5000               ;
; Iteration limit for non-constant Verilog loops                             ; 250                ; 250                ;
; Add Pass-Through Logic to Inferred RAMs                                    ; On                 ; On                 ;
; Infer RAMs from Raw Logic                                                  ; On                 ; On                 ;
; Parallel Synthesis                                                         ; On                 ; On                 ;
; DSP Block Balancing                                                        ; Auto               ; Auto               ;
; NOT Gate Push-Back                                                         ; On                 ; On                 ;
; Power-Up Don't Care                                                        ; On                 ; On                 ;
; Remove Redundant Logic Cells                                               ; Off                ; Off                ;
; Remove Duplicate Registers                                                 ; On                 ; On                 ;
; Ignore CARRY Buffers                                                       ; Off                ; Off                ;
; Ignore CASCADE Buffers                                                     ; Off                ; Off                ;
; Ignore GLOBAL Buffers                                                      ; Off                ; Off                ;
; Ignore ROW GLOBAL Buffers                                                  ; Off                ; Off                ;
; Ignore LCELL Buffers                                                       ; Off                ; Off                ;
; Ignore SOFT Buffers                                                        ; On                 ; On                 ;
; Limit AHDL Integers to 32 Bits                                             ; Off                ; Off                ;
; Optimization Technique                                                     ; Balanced           ; Balanced           ;
; Carry Chain Length                                                         ; 70                 ; 70                 ;
; Auto Carry Chains                                                          ; On                 ; On                 ;
; Auto Open-Drain Pins                                                       ; On                 ; On                 ;
; Perform WYSIWYG Primitive Resynthesis                                      ; Off                ; Off                ;
; Auto ROM Replacement                                                       ; On                 ; On                 ;
; Auto RAM Replacement                                                       ; On                 ; On                 ;
; Auto DSP Block Replacement                                                 ; On                 ; On                 ;
; Auto Shift Register Replacement                                            ; Auto               ; Auto               ;
; Allow Shift Register Merging across Hierarchies                            ; Auto               ; Auto               ;
; Auto Clock Enable Replacement                                              ; On                 ; On                 ;
; Strict RAM Replacement                                                     ; Off                ; Off                ;
; Allow Synchronous Control Signals                                          ; On                 ; On                 ;
; Force Use of Synchronous Clear Signals                                     ; Off                ; Off                ;
; Auto RAM Block Balancing                                                   ; On                 ; On                 ;
; Auto RAM to Logic Cell Conversion                                          ; Off                ; Off                ;
; Auto Resource Sharing                                                      ; Off                ; Off                ;
; Allow Any RAM Size For Recognition                                         ; Off                ; Off                ;
; Allow Any ROM Size For Recognition                                         ; Off                ; Off                ;
; Allow Any Shift Register Size For Recognition                              ; Off                ; Off                ;
; Use LogicLock Constraints during Resource Balancing                        ; On                 ; On                 ;
; Ignore translate_off and synthesis_off directives                          ; Off                ; Off                ;
; Timing-Driven Synthesis                                                    ; On                 ; On                 ;
; Report Parameter Settings                                                  ; On                 ; On                 ;
; Report Source Assignments                                                  ; On                 ; On                 ;
; Report Connectivity Checks                                                 ; On                 ; On                 ;
; Ignore Maximum Fan-Out Assignments                                         ; Off                ; Off                ;
; Synchronization Register Chain Length                                      ; 2                  ; 2                  ;
; PowerPlay Power Optimization During Synthesis                              ; Normal compilation ; Normal compilation ;
; HDL message level                                                          ; Level2             ; Level2             ;
; Suppress Register Optimization Related Messages                            ; Off                ; Off                ;
; Number of Removed Registers Reported in Synthesis Report                   ; 5000               ; 5000               ;
; Number of Swept Nodes Reported in Synthesis Report                         ; 5000               ; 5000               ;
; Number of Inverted Registers Reported in Synthesis Report                  ; 100                ; 100                ;
; Clock MUX Protection                                                       ; On                 ; On                 ;
; Auto Gated Clock Conversion                                                ; Off                ; Off                ;
; Block Design Naming                                                        ; Auto               ; Auto               ;
; SDC constraint protection                                                  ; Off                ; Off                ;
; Synthesis Effort                                                           ; Auto               ; Auto               ;
; Shift Register Replacement - Allow Asynchronous Clear Signal               ; On                 ; On                 ;
; Pre-Mapping Resynthesis Optimization                                       ; Off                ; Off                ;
; Analysis & Synthesis Message Level                                         ; Medium             ; Medium             ;
; Disable Register Merging Across Hierarchies                                ; Auto               ; Auto               ;
; Resource Aware Inference For Block RAM                                     ; On                 ; On                 ;
+----------------------------------------------------------------------------+--------------------+--------------------+


+------------------------------------------+
; Parallel Compilation                     ;
+----------------------------+-------------+
; Processors                 ; Number      ;
+----------------------------+-------------+
; Number detected on machine ; 12          ;
; Maximum allowed            ; 6           ;
;                            ;             ;
; Average used               ; 1.00        ;
; Maximum used               ; 6           ;
;                            ;             ;
; Usage by Processor         ; % Time Used ;
;     Processor 1            ; 100.0%      ;
;     Processor 2            ;   0.0%      ;
;     Processors 3-6         ;   0.0%      ;
+----------------------------+-------------+


+------------------------------------------------------------------------------------------------------------------------------------------------------------------------------------+
; Analysis & Synthesis Source Files Read                                                                                                                                             ;
+----------------------------------+-----------------+------------------------------------+--------------------------------------------------------------------------------+---------+
; File Name with User-Entered Path ; Used in Netlist ; File Type                          ; File Name with Absolute Path                                                   ; Library ;
+----------------------------------+-----------------+------------------------------------+--------------------------------------------------------------------------------+---------+
; tx.vhd                           ; yes             ; User VHDL File                     ; E:/car_movement (3)/car_movement/RXTX_YB_restored/tx.vhd                       ;         ;
; my_rx.vhd                        ; yes             ; User VHDL File                     ; E:/car_movement (3)/car_movement/RXTX_YB_restored/my_rx.vhd                    ;         ;
; half8.vhd                        ; yes             ; User VHDL File                     ; E:/car_movement (3)/car_movement/RXTX_YB_restored/half8.vhd                    ;         ;
; clkdiv.vhd                       ; yes             ; User VHDL File                     ; E:/car_movement (3)/car_movement/RXTX_YB_restored/clkdiv.vhd                   ;         ;
; boud.vhd                         ; yes             ; User VHDL File                     ; E:/car_movement (3)/car_movement/RXTX_YB_restored/boud.vhd                     ;         ;
; rxtx.bdf                         ; yes             ; User Block Diagram/Schematic File  ; E:/car_movement (3)/car_movement/RXTX_YB_restored/rxtx.bdf                     ;         ;
; bin2hex.vhd                      ; yes             ; User VHDL File                     ; E:/car_movement (3)/car_movement/RXTX_YB_restored/bin2hex.vhd                  ;         ;
; pwm_motor.vhd                    ; yes             ; User VHDL File                     ; E:/car_movement (3)/car_movement/RXTX_YB_restored/pwm_motor.vhd                ;         ;
; servo_degree.vhd                 ; yes             ; User VHDL File                     ; E:/car_movement (3)/car_movement/RXTX_YB_restored/servo_degree.vhd             ;         ;
; pwm.vhd                          ; yes             ; User VHDL File                     ; E:/car_movement (3)/car_movement/RXTX_YB_restored/pwm.vhd                      ;         ;
; motor.vhd                        ; yes             ; User VHDL File                     ; E:/car_movement (3)/car_movement/RXTX_YB_restored/motor.vhd                    ;         ;
; spliter.vhd                      ; yes             ; User VHDL File                     ; E:/car_movement (3)/car_movement/RXTX_YB_restored/spliter.vhd                  ;         ;
; clk_div_20_Hz.vhd                ; yes             ; User VHDL File                     ; E:/car_movement (3)/car_movement/RXTX_YB_restored/clk_div_20_Hz.vhd            ;         ;
; pwm_servo.vhd                    ; yes             ; User VHDL File                     ; E:/car_movement (3)/car_movement/RXTX_YB_restored/pwm_servo.vhd                ;         ;
; freq_trig.vhd                    ; yes             ; User VHDL File                     ; E:/car_movement (3)/car_movement/RXTX_YB_restored/freq_trig.vhd                ;         ;
; boudrate_echo.vhd                ; yes             ; User VHDL File                     ; E:/car_movement (3)/car_movement/RXTX_YB_restored/boudrate_echo.vhd            ;         ;
; distance.vhd                     ; yes             ; User VHDL File                     ; E:/car_movement (3)/car_movement/RXTX_YB_restored/distance.vhd                 ;         ;
; switch_display.vhd               ; yes             ; User VHDL File                     ; E:/car_movement (3)/car_movement/RXTX_YB_restored/switch_display.vhd           ;         ;
; car_status.vhd                   ; yes             ; User VHDL File                     ; E:/car_movement (3)/car_movement/RXTX_YB_restored/car_status.vhd               ;         ;
; servo_status.vhd                 ; yes             ; User VHDL File                     ; E:/car_movement (3)/car_movement/RXTX_YB_restored/servo_status.vhd             ;         ;
; motor_movement.vhd               ; yes             ; User VHDL File                     ; E:/car_movement (3)/car_movement/RXTX_YB_restored/motor_movement.vhd           ;         ;
; Auto_manual_mux.vhd              ; yes             ; User VHDL File                     ; E:/car_movement (3)/car_movement/RXTX_YB_restored/Auto_manual_mux.vhd          ;         ;
; led.vhd                          ; yes             ; User VHDL File                     ; E:/car_movement (3)/car_movement/RXTX_YB_restored/led.vhd                      ;         ;
; piezo_freq.vhd                   ; yes             ; User VHDL File                     ; E:/car_movement (3)/car_movement/RXTX_YB_restored/piezo_freq.vhd               ;         ;
; piezo_control.vhd                ; yes             ; User VHDL File                     ; E:/car_movement (3)/car_movement/RXTX_YB_restored/piezo_control.vhd            ;         ;
; lpm_mult.tdf                     ; yes             ; Megafunction                       ; c:/intelfpga_lite/17.0/quartus/libraries/megafunctions/lpm_mult.tdf            ;         ;
; aglobal170.inc                   ; yes             ; Megafunction                       ; c:/intelfpga_lite/17.0/quartus/libraries/megafunctions/aglobal170.inc          ;         ;
; lpm_add_sub.inc                  ; yes             ; Megafunction                       ; c:/intelfpga_lite/17.0/quartus/libraries/megafunctions/lpm_add_sub.inc         ;         ;
; multcore.inc                     ; yes             ; Megafunction                       ; c:/intelfpga_lite/17.0/quartus/libraries/megafunctions/multcore.inc            ;         ;
; bypassff.inc                     ; yes             ; Megafunction                       ; c:/intelfpga_lite/17.0/quartus/libraries/megafunctions/bypassff.inc            ;         ;
; altshift.inc                     ; yes             ; Megafunction                       ; c:/intelfpga_lite/17.0/quartus/libraries/megafunctions/altshift.inc            ;         ;
; multcore.tdf                     ; yes             ; Megafunction                       ; c:/intelfpga_lite/17.0/quartus/libraries/megafunctions/multcore.tdf            ;         ;
; csa_add.inc                      ; yes             ; Megafunction                       ; c:/intelfpga_lite/17.0/quartus/libraries/megafunctions/csa_add.inc             ;         ;
; mpar_add.inc                     ; yes             ; Megafunction                       ; c:/intelfpga_lite/17.0/quartus/libraries/megafunctions/mpar_add.inc            ;         ;
; muleabz.inc                      ; yes             ; Megafunction                       ; c:/intelfpga_lite/17.0/quartus/libraries/megafunctions/muleabz.inc             ;         ;
; mul_lfrg.inc                     ; yes             ; Megafunction                       ; c:/intelfpga_lite/17.0/quartus/libraries/megafunctions/mul_lfrg.inc            ;         ;
; mul_boothc.inc                   ; yes             ; Megafunction                       ; c:/intelfpga_lite/17.0/quartus/libraries/megafunctions/mul_boothc.inc          ;         ;
; alt_ded_mult.inc                 ; yes             ; Megafunction                       ; c:/intelfpga_lite/17.0/quartus/libraries/megafunctions/alt_ded_mult.inc        ;         ;
; alt_ded_mult_y.inc               ; yes             ; Megafunction                       ; c:/intelfpga_lite/17.0/quartus/libraries/megafunctions/alt_ded_mult_y.inc      ;         ;
; dffpipe.inc                      ; yes             ; Megafunction                       ; c:/intelfpga_lite/17.0/quartus/libraries/megafunctions/dffpipe.inc             ;         ;
; mpar_add.tdf                     ; yes             ; Megafunction                       ; c:/intelfpga_lite/17.0/quartus/libraries/megafunctions/mpar_add.tdf            ;         ;
; lpm_add_sub.tdf                  ; yes             ; Megafunction                       ; c:/intelfpga_lite/17.0/quartus/libraries/megafunctions/lpm_add_sub.tdf         ;         ;
; addcore.inc                      ; yes             ; Megafunction                       ; c:/intelfpga_lite/17.0/quartus/libraries/megafunctions/addcore.inc             ;         ;
; look_add.inc                     ; yes             ; Megafunction                       ; c:/intelfpga_lite/17.0/quartus/libraries/megafunctions/look_add.inc            ;         ;
; alt_stratix_add_sub.inc          ; yes             ; Megafunction                       ; c:/intelfpga_lite/17.0/quartus/libraries/megafunctions/alt_stratix_add_sub.inc ;         ;
; db/add_sub_brg.tdf               ; yes             ; Auto-Generated Megafunction        ; E:/car_movement (3)/car_movement/RXTX_YB_restored/db/add_sub_brg.tdf           ;         ;
; altshift.tdf                     ; yes             ; Megafunction                       ; c:/intelfpga_lite/17.0/quartus/libraries/megafunctions/altshift.tdf            ;         ;
; db/add_sub_drg.tdf               ; yes             ; Auto-Generated Megafunction        ; E:/car_movement (3)/car_movement/RXTX_YB_restored/db/add_sub_drg.tdf           ;         ;
+----------------------------------+-----------------+------------------------------------+--------------------------------------------------------------------------------+---------+


+---------------------------------------------------------+
; Analysis & Synthesis Resource Usage Summary             ;
+---------------------------------------------+-----------+
; Resource                                    ; Usage     ;
+---------------------------------------------+-----------+
; Estimated Total logic elements              ; 588       ;
;                                             ;           ;
; Total combinational functions               ; 570       ;
; Logic element usage by number of LUT inputs ;           ;
;     -- 4 input functions                    ; 175       ;
;     -- 3 input functions                    ; 100       ;
;     -- <=2 input functions                  ; 295       ;
;                                             ;           ;
; Logic elements by mode                      ;           ;
;     -- normal mode                          ; 288       ;
;     -- arithmetic mode                      ; 282       ;
;                                             ;           ;
; Total registers                             ; 252       ;
;     -- Dedicated logic registers            ; 252       ;
;     -- I/O registers                        ; 0         ;
;                                             ;           ;
; I/O pins                                    ; 50        ;
;                                             ;           ;
; Embedded Multiplier 9-bit elements          ; 0         ;
;                                             ;           ;
; Maximum fan-out node                        ; clk~input ;
; Maximum fan-out                             ; 188       ;
; Total fan-out                               ; 2368      ;
; Average fan-out                             ; 2.57      ;
+---------------------------------------------+-----------+


+-----------------------------------------------------------------------------------------------------------------------------------------------------------------------------------------------------------------------------------------------------------------------------------------------------------------------------------------------------------------+
; Analysis & Synthesis Resource Utilization by Entity                                                                                                                                                                                                                                                                                                             ;
+------------------------------------------------+---------------------+---------------------------+-------------+------------+--------------+---------+-----------+------+--------------+------------+--------------------------------------------------------------------------------------------------------------------------+-----------------+--------------+
; Compilation Hierarchy Node                     ; Combinational ALUTs ; Dedicated Logic Registers ; Memory Bits ; UFM Blocks ; DSP Elements ; DSP 9x9 ; DSP 18x18 ; Pins ; Virtual Pins ; ADC blocks ; Full Hierarchy Name                                                                                                      ; Entity Name     ; Library Name ;
+------------------------------------------------+---------------------+---------------------------+-------------+------------+--------------+---------+-----------+------+--------------+------------+--------------------------------------------------------------------------------------------------------------------------+-----------------+--------------+
; |rxtx                                          ; 570 (0)             ; 252 (0)                   ; 0           ; 0          ; 0            ; 0       ; 0         ; 50   ; 0            ; 0          ; |rxtx                                                                                                                    ; rxtx            ; work         ;
;    |Auto_manual_mux:inst13|                    ; 9 (9)               ; 0 (0)                     ; 0           ; 0          ; 0            ; 0       ; 0         ; 0    ; 0            ; 0          ; |rxtx|Auto_manual_mux:inst13                                                                                             ; Auto_manual_mux ; work         ;
;    |TX:inst6|                                  ; 21 (21)             ; 10 (10)                   ; 0           ; 0          ; 0            ; 0       ; 0         ; 0    ; 0            ; 0          ; |rxtx|TX:inst6                                                                                                           ; TX              ; work         ;
;    |bin2hex:inst10|                            ; 7 (7)               ; 0 (0)                     ; 0           ; 0          ; 0            ; 0       ; 0         ; 0    ; 0            ; 0          ; |rxtx|bin2hex:inst10                                                                                                     ; bin2hex         ; work         ;
;    |bin2hex:inst4|                             ; 7 (7)               ; 0 (0)                     ; 0           ; 0          ; 0            ; 0       ; 0         ; 0    ; 0            ; 0          ; |rxtx|bin2hex:inst4                                                                                                      ; bin2hex         ; work         ;
;    |bin2hex:inst5|                             ; 7 (7)               ; 0 (0)                     ; 0           ; 0          ; 0            ; 0       ; 0         ; 0    ; 0            ; 0          ; |rxtx|bin2hex:inst5                                                                                                      ; bin2hex         ; work         ;
;    |bin2hex:inst8|                             ; 7 (7)               ; 0 (0)                     ; 0           ; 0          ; 0            ; 0       ; 0         ; 0    ; 0            ; 0          ; |rxtx|bin2hex:inst8                                                                                                      ; bin2hex         ; work         ;
;    |boud:inst|                                 ; 11 (11)             ; 9 (9)                     ; 0           ; 0          ; 0            ; 0       ; 0         ; 0    ; 0            ; 0          ; |rxtx|boud:inst                                                                                                          ; boud            ; work         ;
;    |boudrate_echo:inst19|                      ; 17 (17)             ; 13 (13)                   ; 0           ; 0          ; 0            ; 0       ; 0         ; 0    ; 0            ; 0          ; |rxtx|boudrate_echo:inst19                                                                                               ; boudrate_echo   ; work         ;
;    |car_status:inst22|                         ; 4 (4)               ; 0 (0)                     ; 0           ; 0          ; 0            ; 0       ; 0         ; 0    ; 0            ; 0          ; |rxtx|car_status:inst22                                                                                                  ; car_status      ; work         ;
;    |clk_div_20_Hz:inst16|                      ; 27 (27)             ; 21 (21)                   ; 0           ; 0          ; 0            ; 0       ; 0         ; 0    ; 0            ; 0          ; |rxtx|clk_div_20_Hz:inst16                                                                                               ; clk_div_20_Hz   ; work         ;
;    |clkdiv:inst9|                              ; 34 (34)             ; 27 (27)                   ; 0           ; 0          ; 0            ; 0       ; 0         ; 0    ; 0            ; 0          ; |rxtx|clkdiv:inst9                                                                                                       ; clkdiv          ; work         ;
;    |distance:inst18|                           ; 18 (18)             ; 18 (18)                   ; 0           ; 0          ; 0            ; 0       ; 0         ; 0    ; 0            ; 0          ; |rxtx|distance:inst18                                                                                                    ; distance        ; work         ;
;    |freq_trig:inst20|                          ; 28 (28)             ; 23 (23)                   ; 0           ; 0          ; 0            ; 0       ; 0         ; 0    ; 0            ; 0          ; |rxtx|freq_trig:inst20                                                                                                   ; freq_trig       ; work         ;
;    |led:inst24|                                ; 3 (3)               ; 0 (0)                     ; 0           ; 0          ; 0            ; 0       ; 0         ; 0    ; 0            ; 0          ; |rxtx|led:inst24                                                                                                         ; led             ; work         ;
;    |motor_movement:inst23|                     ; 2 (2)               ; 0 (0)                     ; 0           ; 0          ; 0            ; 0       ; 0         ; 0    ; 0            ; 0          ; |rxtx|motor_movement:inst23                                                                                              ; motor_movement  ; work         ;
;    |my_rX:inst2|                               ; 37 (37)             ; 27 (27)                   ; 0           ; 0          ; 0            ; 0       ; 0         ; 0    ; 0            ; 0          ; |rxtx|my_rX:inst2                                                                                                        ; my_rX           ; work         ;
;    |piezo_control:inst29|                      ; 62 (62)             ; 28 (28)                   ; 0           ; 0          ; 0            ; 0       ; 0         ; 0    ; 0            ; 0          ; |rxtx|piezo_control:inst29                                                                                               ; piezo_control   ; work         ;
;    |piezo_freq:inst28|                         ; 24 (24)             ; 18 (18)                   ; 0           ; 0          ; 0            ; 0       ; 0         ; 0    ; 0            ; 0          ; |rxtx|piezo_freq:inst28                                                                                                  ; piezo_freq      ; work         ;
;    |pwm:inst1|                                 ; 26 (26)             ; 14 (14)                   ; 0           ; 0          ; 0            ; 0       ; 0         ; 0    ; 0            ; 0          ; |rxtx|pwm:inst1                                                                                                          ; pwm             ; work         ;
;    |pwm_motor:inst25|                          ; 94 (62)             ; 14 (14)                   ; 0           ; 0          ; 0            ; 0       ; 0         ; 0    ; 0            ; 0          ; |rxtx|pwm_motor:inst25                                                                                                   ; pwm_motor       ; work         ;
;       |lpm_mult:Mult0|                         ; 32 (0)              ; 0 (0)                     ; 0           ; 0          ; 0            ; 0       ; 0         ; 0    ; 0            ; 0          ; |rxtx|pwm_motor:inst25|lpm_mult:Mult0                                                                                    ; lpm_mult        ; work         ;
;          |multcore:mult_core|                  ; 32 (21)             ; 0 (0)                     ; 0           ; 0          ; 0            ; 0       ; 0         ; 0    ; 0            ; 0          ; |rxtx|pwm_motor:inst25|lpm_mult:Mult0|multcore:mult_core                                                                 ; multcore        ; work         ;
;             |mpar_add:padder|                  ; 11 (0)              ; 0 (0)                     ; 0           ; 0          ; 0            ; 0       ; 0         ; 0    ; 0            ; 0          ; |rxtx|pwm_motor:inst25|lpm_mult:Mult0|multcore:mult_core|mpar_add:padder                                                 ; mpar_add        ; work         ;
;                |lpm_add_sub:adder[0]|          ; 11 (0)              ; 0 (0)                     ; 0           ; 0          ; 0            ; 0       ; 0         ; 0    ; 0            ; 0          ; |rxtx|pwm_motor:inst25|lpm_mult:Mult0|multcore:mult_core|mpar_add:padder|lpm_add_sub:adder[0]                            ; lpm_add_sub     ; work         ;
;                   |add_sub_brg:auto_generated| ; 11 (11)             ; 0 (0)                     ; 0           ; 0          ; 0            ; 0       ; 0         ; 0    ; 0            ; 0          ; |rxtx|pwm_motor:inst25|lpm_mult:Mult0|multcore:mult_core|mpar_add:padder|lpm_add_sub:adder[0]|add_sub_brg:auto_generated ; add_sub_brg     ; work         ;
;    |pwm_servo:inst17|                          ; 105 (70)            ; 21 (21)                   ; 0           ; 0          ; 0            ; 0       ; 0         ; 0    ; 0            ; 0          ; |rxtx|pwm_servo:inst17                                                                                                   ; pwm_servo       ; work         ;
;       |lpm_mult:Mult0|                         ; 35 (0)              ; 0 (0)                     ; 0           ; 0          ; 0            ; 0       ; 0         ; 0    ; 0            ; 0          ; |rxtx|pwm_servo:inst17|lpm_mult:Mult0                                                                                    ; lpm_mult        ; work         ;
;          |multcore:mult_core|                  ; 35 (22)             ; 0 (0)                     ; 0           ; 0          ; 0            ; 0       ; 0         ; 0    ; 0            ; 0          ; |rxtx|pwm_servo:inst17|lpm_mult:Mult0|multcore:mult_core                                                                 ; multcore        ; work         ;
;             |mpar_add:padder|                  ; 13 (0)              ; 0 (0)                     ; 0           ; 0          ; 0            ; 0       ; 0         ; 0    ; 0            ; 0          ; |rxtx|pwm_servo:inst17|lpm_mult:Mult0|multcore:mult_core|mpar_add:padder                                                 ; mpar_add        ; work         ;
;                |lpm_add_sub:adder[0]|          ; 13 (0)              ; 0 (0)                     ; 0           ; 0          ; 0            ; 0       ; 0         ; 0    ; 0            ; 0          ; |rxtx|pwm_servo:inst17|lpm_mult:Mult0|multcore:mult_core|mpar_add:padder|lpm_add_sub:adder[0]                            ; lpm_add_sub     ; work         ;
;                   |add_sub_drg:auto_generated| ; 13 (13)             ; 0 (0)                     ; 0           ; 0          ; 0            ; 0       ; 0         ; 0    ; 0            ; 0          ; |rxtx|pwm_servo:inst17|lpm_mult:Mult0|multcore:mult_core|mpar_add:padder|lpm_add_sub:adder[0]|add_sub_drg:auto_generated ; add_sub_drg     ; work         ;
;    |servo_degree:inst27|                       ; 12 (12)             ; 9 (9)                     ; 0           ; 0          ; 0            ; 0       ; 0         ; 0    ; 0            ; 0          ; |rxtx|servo_degree:inst27                                                                                                ; servo_degree    ; work         ;
;    |switch_display:inst21|                     ; 8 (8)               ; 0 (0)                     ; 0           ; 0          ; 0            ; 0       ; 0         ; 0    ; 0            ; 0          ; |rxtx|switch_display:inst21                                                                                              ; switch_display  ; work         ;
+------------------------------------------------+---------------------+---------------------------+-------------+------------+--------------+---------+-----------+------+--------------+------------+--------------------------------------------------------------------------------------------------------------------------+-----------------+--------------+
Note: For table entries with two numbers listed, the numbers in parentheses indicate the number of resources of the given type used by the specific entity alone. The numbers listed outside of parentheses indicate the total resources of the given type used by the specific entity and all of its sub-entities in the hierarchy.


Encoding Type:  One-Hot
+--------------------------------------------------------------+
; State Machine - |rxtx|distance:inst18|state                  ;
+-----------------+------------+-------------+-----------------+
; Name            ; state.noel ; state.sofer ; state.wait4high ;
+-----------------+------------+-------------+-----------------+
; state.wait4high ; 0          ; 0           ; 0               ;
; state.sofer     ; 0          ; 1           ; 1               ;
; state.noel      ; 1          ; 0           ; 1               ;
+-----------------+------------+-------------+-----------------+


+------------------------------------------------------------------------+
; Registers Removed During Synthesis                                     ;
+----------------------------------------+-------------------------------+
; Register name                          ; Reason for Removal            ;
+----------------------------------------+-------------------------------+
; pwm_motor:inst25|cnt1[12]              ; Merged with pwm:inst1|cnt[12] ;
; pwm_motor:inst25|cnt1[11]              ; Merged with pwm:inst1|cnt[11] ;
; pwm_motor:inst25|cnt1[10]              ; Merged with pwm:inst1|cnt[10] ;
; pwm_motor:inst25|cnt1[9]               ; Merged with pwm:inst1|cnt[9]  ;
; pwm_motor:inst25|cnt1[8]               ; Merged with pwm:inst1|cnt[8]  ;
; pwm_motor:inst25|cnt1[7]               ; Merged with pwm:inst1|cnt[7]  ;
; pwm_motor:inst25|cnt1[6]               ; Merged with pwm:inst1|cnt[6]  ;
; pwm_motor:inst25|cnt1[5]               ; Merged with pwm:inst1|cnt[5]  ;
; pwm_motor:inst25|cnt1[4]               ; Merged with pwm:inst1|cnt[4]  ;
; pwm_motor:inst25|cnt1[3]               ; Merged with pwm:inst1|cnt[3]  ;
; pwm_motor:inst25|cnt1[2]               ; Merged with pwm:inst1|cnt[2]  ;
; pwm_motor:inst25|cnt1[1]               ; Merged with pwm:inst1|cnt[1]  ;
; pwm_motor:inst25|cnt1[0]               ; Merged with pwm:inst1|cnt[0]  ;
; distance:inst18|state.wait4high        ; Lost fanout                   ;
; Total Number of Removed Registers = 14 ;                               ;
+----------------------------------------+-------------------------------+


+------------------------------------------------------+
; General Register Statistics                          ;
+----------------------------------------------+-------+
; Statistic                                    ; Value ;
+----------------------------------------------+-------+
; Total registers                              ; 252   ;
; Number of registers using Synchronous Clear  ; 112   ;
; Number of registers using Synchronous Load   ; 0     ;
; Number of registers using Asynchronous Clear ; 27    ;
; Number of registers using Asynchronous Load  ; 0     ;
; Number of registers using Clock Enable       ; 69    ;
; Number of registers using Preset             ; 0     ;
+----------------------------------------------+-------+


+--------------------------------------------------+
; Inverted Register Statistics                     ;
+----------------------------------------+---------+
; Inverted Register                      ; Fan out ;
+----------------------------------------+---------+
; TX:inst6|tx_ser_out                    ; 3       ;
; Total number of inverted registers = 1 ;         ;
+----------------------------------------+---------+


+-------------------------------------------------------------------------------------------------------------------------------------------------------+
; Multiplexer Restructuring Statistics (Restructuring Performed)                                                                                        ;
+--------------------+-----------+---------------+----------------------+------------------------+------------+-----------------------------------------+
; Multiplexer Inputs ; Bus Width ; Baseline Area ; Area if Restructured ; Saving if Restructured ; Registered ; Example Multiplexer Output              ;
+--------------------+-----------+---------------+----------------------+------------------------+------------+-----------------------------------------+
; 3:1                ; 26 bits   ; 52 LEs        ; 26 LEs               ; 26 LEs                 ; Yes        ; |rxtx|piezo_control:inst29|second[23]   ;
; 4:1                ; 13 bits   ; 26 LEs        ; 13 LEs               ; 13 LEs                 ; Yes        ; |rxtx|pwm_motor:inst25|cnt2[0]          ;
; 3:1                ; 2 bits    ; 4 LEs         ; 4 LEs                ; 0 LEs                  ; No         ; |rxtx|car_status:inst22|motor_status[1] ;
+--------------------+-----------+---------------+----------------------+------------------------+------------+-----------------------------------------+


+----------------------------------------------------------------------------------+
; Parameter Settings for Inferred Entity Instance: pwm_motor:inst25|lpm_mult:Mult0 ;
+------------------------------------------------+----------+----------------------+
; Parameter Name                                 ; Value    ; Type                 ;
+------------------------------------------------+----------+----------------------+
; AUTO_CARRY_CHAINS                              ; ON       ; AUTO_CARRY           ;
; IGNORE_CARRY_BUFFERS                           ; OFF      ; IGNORE_CARRY         ;
; AUTO_CASCADE_CHAINS                            ; ON       ; AUTO_CASCADE         ;
; IGNORE_CASCADE_BUFFERS                         ; OFF      ; IGNORE_CASCADE       ;
; LPM_WIDTHA                                     ; 8        ; Untyped              ;
; LPM_WIDTHB                                     ; 8        ; Untyped              ;
; LPM_WIDTHP                                     ; 16       ; Untyped              ;
; LPM_WIDTHR                                     ; 16       ; Untyped              ;
; LPM_WIDTHS                                     ; 1        ; Untyped              ;
; LPM_REPRESENTATION                             ; UNSIGNED ; Untyped              ;
; LPM_PIPELINE                                   ; 0        ; Untyped              ;
; LATENCY                                        ; 0        ; Untyped              ;
; INPUT_A_IS_CONSTANT                            ; NO       ; Untyped              ;
; INPUT_B_IS_CONSTANT                            ; YES      ; Untyped              ;
; USE_EAB                                        ; OFF      ; Untyped              ;
; MAXIMIZE_SPEED                                 ; 5        ; Untyped              ;
; DEVICE_FAMILY                                  ; MAX 10   ; Untyped              ;
; CARRY_CHAIN                                    ; MANUAL   ; Untyped              ;
; APEX20K_TECHNOLOGY_MAPPER                      ; LUT      ; TECH_MAPPER_APEX20K  ;
; DEDICATED_MULTIPLIER_CIRCUITRY                 ; AUTO     ; Untyped              ;
; DEDICATED_MULTIPLIER_MIN_INPUT_WIDTH_FOR_AUTO  ; 0        ; Untyped              ;
; DEDICATED_MULTIPLIER_MIN_OUTPUT_WIDTH_FOR_AUTO ; 0        ; Untyped              ;
; CBXI_PARAMETER                                 ; NOTHING  ; Untyped              ;
; INPUT_A_FIXED_VALUE                            ; Bx       ; Untyped              ;
; INPUT_B_FIXED_VALUE                            ; Bx       ; Untyped              ;
; USE_AHDL_IMPLEMENTATION                        ; OFF      ; Untyped              ;
+------------------------------------------------+----------+----------------------+
Note: In order to hide this table in the UI and the text report file, please set the "Show Parameter Settings in Synthesis Report" option in "Analysis and Synthesis Settings -> More Settings" to "Off".


+----------------------------------------------------------------------------------+
; Parameter Settings for Inferred Entity Instance: pwm_servo:inst17|lpm_mult:Mult0 ;
+------------------------------------------------+----------+----------------------+
; Parameter Name                                 ; Value    ; Type                 ;
+------------------------------------------------+----------+----------------------+
; AUTO_CARRY_CHAINS                              ; ON       ; AUTO_CARRY           ;
; IGNORE_CARRY_BUFFERS                           ; OFF      ; IGNORE_CARRY         ;
; AUTO_CASCADE_CHAINS                            ; ON       ; AUTO_CASCADE         ;
; IGNORE_CASCADE_BUFFERS                         ; OFF      ; IGNORE_CASCADE       ;
; LPM_WIDTHA                                     ; 10       ; Untyped              ;
; LPM_WIDTHB                                     ; 8        ; Untyped              ;
; LPM_WIDTHP                                     ; 18       ; Untyped              ;
; LPM_WIDTHR                                     ; 18       ; Untyped              ;
; LPM_WIDTHS                                     ; 1        ; Untyped              ;
; LPM_REPRESENTATION                             ; UNSIGNED ; Untyped              ;
; LPM_PIPELINE                                   ; 0        ; Untyped              ;
; LATENCY                                        ; 0        ; Untyped              ;
; INPUT_A_IS_CONSTANT                            ; YES      ; Untyped              ;
; INPUT_B_IS_CONSTANT                            ; NO       ; Untyped              ;
; USE_EAB                                        ; OFF      ; Untyped              ;
; MAXIMIZE_SPEED                                 ; 6        ; Untyped              ;
; DEVICE_FAMILY                                  ; MAX 10   ; Untyped              ;
; CARRY_CHAIN                                    ; MANUAL   ; Untyped              ;
; APEX20K_TECHNOLOGY_MAPPER                      ; LUT      ; TECH_MAPPER_APEX20K  ;
; DEDICATED_MULTIPLIER_CIRCUITRY                 ; AUTO     ; Untyped              ;
; DEDICATED_MULTIPLIER_MIN_INPUT_WIDTH_FOR_AUTO  ; 0        ; Untyped              ;
; DEDICATED_MULTIPLIER_MIN_OUTPUT_WIDTH_FOR_AUTO ; 0        ; Untyped              ;
; CBXI_PARAMETER                                 ; NOTHING  ; Untyped              ;
; INPUT_A_FIXED_VALUE                            ; Bx       ; Untyped              ;
; INPUT_B_FIXED_VALUE                            ; Bx       ; Untyped              ;
; USE_AHDL_IMPLEMENTATION                        ; OFF      ; Untyped              ;
+------------------------------------------------+----------+----------------------+
Note: In order to hide this table in the UI and the text report file, please set the "Show Parameter Settings in Synthesis Report" option in "Analysis and Synthesis Settings -> More Settings" to "Off".


+-------------------------------------------------------------------------+
; lpm_mult Parameter Settings by Entity Instance                          ;
+---------------------------------------+---------------------------------+
; Name                                  ; Value                           ;
+---------------------------------------+---------------------------------+
; Number of entity instances            ; 2                               ;
; Entity Instance                       ; pwm_motor:inst25|lpm_mult:Mult0 ;
;     -- LPM_WIDTHA                     ; 8                               ;
;     -- LPM_WIDTHB                     ; 8                               ;
;     -- LPM_WIDTHP                     ; 16                              ;
;     -- LPM_REPRESENTATION             ; UNSIGNED                        ;
;     -- INPUT_A_IS_CONSTANT            ; NO                              ;
;     -- INPUT_B_IS_CONSTANT            ; YES                             ;
;     -- USE_EAB                        ; OFF                             ;
;     -- DEDICATED_MULTIPLIER_CIRCUITRY ; AUTO                            ;
;     -- INPUT_A_FIXED_VALUE            ; Bx                              ;
;     -- INPUT_B_FIXED_VALUE            ; Bx                              ;
; Entity Instance                       ; pwm_servo:inst17|lpm_mult:Mult0 ;
;     -- LPM_WIDTHA                     ; 10                              ;
;     -- LPM_WIDTHB                     ; 8                               ;
;     -- LPM_WIDTHP                     ; 18                              ;
;     -- LPM_REPRESENTATION             ; UNSIGNED                        ;
;     -- INPUT_A_IS_CONSTANT            ; YES                             ;
;     -- INPUT_B_IS_CONSTANT            ; NO                              ;
;     -- USE_EAB                        ; OFF                             ;
;     -- DEDICATED_MULTIPLIER_CIRCUITRY ; AUTO                            ;
;     -- INPUT_A_FIXED_VALUE            ; Bx                              ;
;     -- INPUT_B_FIXED_VALUE            ; Bx                              ;
+---------------------------------------+---------------------------------+


+-----------------------------------------------------+
; Post-Synthesis Netlist Statistics for Top Partition ;
+-----------------------+-----------------------------+
; Type                  ; Count                       ;
+-----------------------+-----------------------------+
; boundary_port         ; 50                          ;
; cycloneiii_ff         ; 252                         ;
;     CLR               ; 11                          ;
;     ENA               ; 40                          ;
;     ENA CLR SCLR      ; 16                          ;
;     ENA SCLR          ; 13                          ;
;     SCLR              ; 83                          ;
;     plain             ; 89                          ;
; cycloneiii_lcell_comb ; 575                         ;
;     arith             ; 282                         ;
;         2 data inputs ; 218                         ;
;         3 data inputs ; 64                          ;
;     normal            ; 293                         ;
;         0 data inputs ; 2                           ;
;         1 data inputs ; 20                          ;
;         2 data inputs ; 60                          ;
;         3 data inputs ; 36                          ;
;         4 data inputs ; 175                         ;
;                       ;                             ;
; Max LUT depth         ; 6.70                        ;
; Average LUT depth     ; 3.60                        ;
+-----------------------+-----------------------------+


+-------------------------------+
; Elapsed Time Per Partition    ;
+----------------+--------------+
; Partition Name ; Elapsed Time ;
+----------------+--------------+
; Top            ; 00:00:01     ;
+----------------+--------------+


+-------------------------------+
; Analysis & Synthesis Messages ;
+-------------------------------+
Info: *******************************************************************
Info: Running Quartus Prime Analysis & Synthesis
    Info: Version 17.0.0 Build 595 04/25/2017 SJ Lite Edition
    Info: Processing started: Mon Jan 02 14:53:36 2023
Info: Command: quartus_map --read_settings_files=on --write_settings_files=off RXTX -c RXTX
Warning (18236): Number of processors has not been specified which may cause overloading on shared machines.  Set the global assignment NUM_PARALLEL_PROCESSORS in your QSF to an appropriate value for best performance.
Info (20030): Parallel compilation is enabled and will use 6 of the 6 processors detected
Info (12021): Found 2 design units, including 1 entities, in source file tx.vhd
    Info (12022): Found design unit 1: TX-behave File: E:/car_movement (3)/car_movement/RXTX_YB_restored/tx.vhd Line: 10
    Info (12023): Found entity 1: TX File: E:/car_movement (3)/car_movement/RXTX_YB_restored/tx.vhd Line: 4
Info (12021): Found 2 design units, including 1 entities, in source file rx.vhd
    Info (12022): Found design unit 1: ayelet_rX-behave File: E:/car_movement (3)/car_movement/RXTX_YB_restored/rx.vhd Line: 12
    Info (12023): Found entity 1: ayelet_rX File: E:/car_movement (3)/car_movement/RXTX_YB_restored/rx.vhd Line: 5
Info (12021): Found 2 design units, including 1 entities, in source file my_rx.vhd
    Info (12022): Found design unit 1: my_rX-behave File: E:/car_movement (3)/car_movement/RXTX_YB_restored/my_rx.vhd Line: 12
    Info (12023): Found entity 1: my_rX File: E:/car_movement (3)/car_movement/RXTX_YB_restored/my_rx.vhd Line: 5
Info (12021): Found 2 design units, including 1 entities, in source file lpf.vhd
    Info (12022): Found design unit 1: lpf-behave File: E:/car_movement (3)/car_movement/RXTX_YB_restored/lpf.vhd Line: 7
    Info (12023): Found entity 1: lpf File: E:/car_movement (3)/car_movement/RXTX_YB_restored/lpf.vhd Line: 3
Info (12021): Found 2 design units, including 1 entities, in source file half8.vhd
    Info (12022): Found design unit 1: half8-behave File: E:/car_movement (3)/car_movement/RXTX_YB_restored/half8.vhd Line: 10
    Info (12023): Found entity 1: half8 File: E:/car_movement (3)/car_movement/RXTX_YB_restored/half8.vhd Line: 4
Info (12021): Found 2 design units, including 1 entities, in source file disp_mux.vhd
    Info (12022): Found design unit 1: disp_mux-behave File: E:/car_movement (3)/car_movement/RXTX_YB_restored/disp_mux.vhd Line: 8
    Info (12023): Found entity 1: disp_mux File: E:/car_movement (3)/car_movement/RXTX_YB_restored/disp_mux.vhd Line: 3
Info (12021): Found 2 design units, including 1 entities, in source file clkdiv.vhd
    Info (12022): Found design unit 1: clkdiv-b File: E:/car_movement (3)/car_movement/RXTX_YB_restored/clkdiv.vhd Line: 7
    Info (12023): Found entity 1: clkdiv File: E:/car_movement (3)/car_movement/RXTX_YB_restored/clkdiv.vhd Line: 3
Info (12021): Found 2 design units, including 1 entities, in source file boud.vhd
    Info (12022): Found design unit 1: boud-behave File: E:/car_movement (3)/car_movement/RXTX_YB_restored/boud.vhd Line: 7
    Info (12023): Found entity 1: boud File: E:/car_movement (3)/car_movement/RXTX_YB_restored/boud.vhd Line: 3
Info (12021): Found 2 design units, including 1 entities, in source file bin2dex.vhd
    Info (12022): Found design unit 1: bin2dex-behave File: E:/car_movement (3)/car_movement/RXTX_YB_restored/bin2dex.vhd Line: 8
    Info (12023): Found entity 1: bin2dex File: E:/car_movement (3)/car_movement/RXTX_YB_restored/bin2dex.vhd Line: 3
Info (12021): Found 2 design units, including 1 entities, in source file bin_hex_display.vhd
    Info (12022): Found design unit 1: bin_hex_display-behave File: E:/car_movement (3)/car_movement/RXTX_YB_restored/bin_hex_display.vhd Line: 8
    Info (12023): Found entity 1: bin_hex_display File: E:/car_movement (3)/car_movement/RXTX_YB_restored/bin_hex_display.vhd Line: 4
Info (12021): Found 1 design units, including 1 entities, in source file rxtx.bdf
    Info (12023): Found entity 1: rxtx
Info (12021): Found 2 design units, including 1 entities, in source file bin2hex.vhd
    Info (12022): Found design unit 1: bin2hex-behave File: E:/car_movement (3)/car_movement/RXTX_YB_restored/bin2hex.vhd Line: 8
    Info (12023): Found entity 1: bin2hex File: E:/car_movement (3)/car_movement/RXTX_YB_restored/bin2hex.vhd Line: 3
Info (12021): Found 2 design units, including 1 entities, in source file counter_x.vhd
    Info (12022): Found design unit 1: counter_x-behave File: E:/car_movement (3)/car_movement/RXTX_YB_restored/counter_x.vhd Line: 8
    Info (12023): Found entity 1: counter_x File: E:/car_movement (3)/car_movement/RXTX_YB_restored/counter_x.vhd Line: 3
Info (12021): Found 2 design units, including 1 entities, in source file data_controller.vhd
    Info (12022): Found design unit 1: data_controller-behave File: E:/car_movement (3)/car_movement/RXTX_YB_restored/data_controller.vhd Line: 14
    Info (12023): Found entity 1: data_controller File: E:/car_movement (3)/car_movement/RXTX_YB_restored/data_controller.vhd Line: 3
Info (12021): Found 2 design units, including 1 entities, in source file pwm_motor.vhd
    Info (12022): Found design unit 1: pwm_motor-behave File: E:/car_movement (3)/car_movement/RXTX_YB_restored/pwm_motor.vhd Line: 9
    Info (12023): Found entity 1: pwm_motor File: E:/car_movement (3)/car_movement/RXTX_YB_restored/pwm_motor.vhd Line: 3
Info (12021): Found 2 design units, including 1 entities, in source file pwm_motors.vhd
    Info (12022): Found design unit 1: pwm_motors-behave File: E:/car_movement (3)/car_movement/RXTX_YB_restored/pwm_motors.vhd Line: 9
    Info (12023): Found entity 1: pwm_motors File: E:/car_movement (3)/car_movement/RXTX_YB_restored/pwm_motors.vhd Line: 3
Info (12021): Found 2 design units, including 1 entities, in source file servo_degree.vhd
    Info (12022): Found design unit 1: servo_degree-behave File: E:/car_movement (3)/car_movement/RXTX_YB_restored/servo_degree.vhd Line: 7
    Info (12023): Found entity 1: servo_degree File: E:/car_movement (3)/car_movement/RXTX_YB_restored/servo_degree.vhd Line: 3
Info (12021): Found 2 design units, including 1 entities, in source file triger_ctrl.vhd
    Info (12022): Found design unit 1: triger_ctrl-behave File: E:/car_movement (3)/car_movement/RXTX_YB_restored/triger_ctrl.vhd Line: 7
    Info (12023): Found entity 1: triger_ctrl File: E:/car_movement (3)/car_movement/RXTX_YB_restored/triger_ctrl.vhd Line: 3
Info (12021): Found 2 design units, including 1 entities, in source file dis_meter_sm.vhd
    Info (12022): Found design unit 1: dis_meter_sm-behave File: E:/car_movement (3)/car_movement/RXTX_YB_restored/dis_meter_sm.vhd Line: 7
    Info (12023): Found entity 1: dis_meter_sm File: E:/car_movement (3)/car_movement/RXTX_YB_restored/dis_meter_sm.vhd Line: 3
Info (12021): Found 2 design units, including 1 entities, in source file clk_div_58msec.vhd
    Info (12022): Found design unit 1: clk_div_58msec-b File: E:/car_movement (3)/car_movement/RXTX_YB_restored/clk_div_58msec.vhd Line: 7
    Info (12023): Found entity 1: clk_div_58msec File: E:/car_movement (3)/car_movement/RXTX_YB_restored/clk_div_58msec.vhd Line: 3
Info (12021): Found 2 design units, including 1 entities, in source file swith_srf.vhd
    Info (12022): Found design unit 1: switch_SRF-behave File: E:/car_movement (3)/car_movement/RXTX_YB_restored/swith_SRF.vhd Line: 10
    Info (12023): Found entity 1: switch_SRF File: E:/car_movement (3)/car_movement/RXTX_YB_restored/swith_SRF.vhd Line: 3
Info (12021): Found 2 design units, including 1 entities, in source file piazo.vhd
    Info (12022): Found design unit 1: piazo-behave File: E:/car_movement (3)/car_movement/RXTX_YB_restored/piazo.vhd Line: 11
    Info (12023): Found entity 1: piazo File: E:/car_movement (3)/car_movement/RXTX_YB_restored/piazo.vhd Line: 6
Info (12021): Found 2 design units, including 1 entities, in source file my_pll.vhd
    Info (12022): Found design unit 1: my_pll-SYN File: E:/car_movement (3)/car_movement/RXTX_YB_restored/my_pll.vhd Line: 52
    Info (12023): Found entity 1: my_pll File: E:/car_movement (3)/car_movement/RXTX_YB_restored/my_pll.vhd Line: 43
Info (12021): Found 2 design units, including 1 entities, in source file mpu6050_ctrl.vhd
    Info (12022): Found design unit 1: mpu6050_ctrl-SOLUCION File: E:/car_movement (3)/car_movement/RXTX_YB_restored/mpu6050_ctrl.vhd Line: 22
    Info (12023): Found entity 1: mpu6050_ctrl File: E:/car_movement (3)/car_movement/RXTX_YB_restored/mpu6050_ctrl.vhd Line: 6
Info (12021): Found 2 design units, including 1 entities, in source file divider12mhz.vhd
    Info (12022): Found design unit 1: divider12MHz-Behavioral File: E:/car_movement (3)/car_movement/RXTX_YB_restored/divider12MHz.vhd Line: 11
    Info (12023): Found entity 1: divider12MHz File: E:/car_movement (3)/car_movement/RXTX_YB_restored/divider12MHz.vhd Line: 5
Info (12021): Found 2 design units, including 1 entities, in source file pwm.vhd
    Info (12022): Found design unit 1: pwm-behave File: E:/car_movement (3)/car_movement/RXTX_YB_restored/pwm.vhd Line: 8
    Info (12023): Found entity 1: pwm File: E:/car_movement (3)/car_movement/RXTX_YB_restored/pwm.vhd Line: 3
Info (12021): Found 2 design units, including 1 entities, in source file motor.vhd
    Info (12022): Found design unit 1: motor-behave File: E:/car_movement (3)/car_movement/RXTX_YB_restored/motor.vhd Line: 8
    Info (12023): Found entity 1: motor File: E:/car_movement (3)/car_movement/RXTX_YB_restored/motor.vhd Line: 3
Info (12021): Found 2 design units, including 1 entities, in source file spliter.vhd
    Info (12022): Found design unit 1: spliter-behave File: E:/car_movement (3)/car_movement/RXTX_YB_restored/spliter.vhd Line: 12
    Info (12023): Found entity 1: spliter File: E:/car_movement (3)/car_movement/RXTX_YB_restored/spliter.vhd Line: 4
Info (12021): Found 2 design units, including 1 entities, in source file counter_up_down.vhd
    Info (12022): Found design unit 1: counter_up_down-behave File: E:/car_movement (3)/car_movement/RXTX_YB_restored/counter_up_down.vhd Line: 8
    Info (12023): Found entity 1: counter_up_down File: E:/car_movement (3)/car_movement/RXTX_YB_restored/counter_up_down.vhd Line: 3
Info (12021): Found 2 design units, including 1 entities, in source file clk_div_20_hz.vhd
    Info (12022): Found design unit 1: clk_div_20_Hz-behave File: E:/car_movement (3)/car_movement/RXTX_YB_restored/clk_div_20_Hz.vhd Line: 7
    Info (12023): Found entity 1: clk_div_20_Hz File: E:/car_movement (3)/car_movement/RXTX_YB_restored/clk_div_20_Hz.vhd Line: 3
Info (12021): Found 2 design units, including 1 entities, in source file pwm_servo.vhd
    Info (12022): Found design unit 1: pwm_servo-behave File: E:/car_movement (3)/car_movement/RXTX_YB_restored/pwm_servo.vhd Line: 8
    Info (12023): Found entity 1: pwm_servo File: E:/car_movement (3)/car_movement/RXTX_YB_restored/pwm_servo.vhd Line: 3
Info (12021): Found 2 design units, including 1 entities, in source file freq_trig.vhd
    Info (12022): Found design unit 1: freq_trig-behave File: E:/car_movement (3)/car_movement/RXTX_YB_restored/freq_trig.vhd Line: 7
    Info (12023): Found entity 1: freq_trig File: E:/car_movement (3)/car_movement/RXTX_YB_restored/freq_trig.vhd Line: 3
Info (12021): Found 2 design units, including 1 entities, in source file boudrate_echo.vhd
    Info (12022): Found design unit 1: boudrate_echo-behave File: E:/car_movement (3)/car_movement/RXTX_YB_restored/boudrate_echo.vhd Line: 7
    Info (12023): Found entity 1: boudrate_echo File: E:/car_movement (3)/car_movement/RXTX_YB_restored/boudrate_echo.vhd Line: 3
Info (12021): Found 2 design units, including 1 entities, in source file distance.vhd
    Info (12022): Found design unit 1: distance-behave File: E:/car_movement (3)/car_movement/RXTX_YB_restored/distance.vhd Line: 8
    Info (12023): Found entity 1: distance File: E:/car_movement (3)/car_movement/RXTX_YB_restored/distance.vhd Line: 3
Info (12021): Found 2 design units, including 1 entities, in source file switch_display.vhd
    Info (12022): Found design unit 1: switch_display-behave File: E:/car_movement (3)/car_movement/RXTX_YB_restored/switch_display.vhd Line: 11
    Info (12023): Found entity 1: switch_display File: E:/car_movement (3)/car_movement/RXTX_YB_restored/switch_display.vhd Line: 4
Info (12021): Found 2 design units, including 1 entities, in source file movement_motor.vhd
    Info (12022): Found design unit 1: movement_motor-behave File: E:/car_movement (3)/car_movement/RXTX_YB_restored/movement_motor.vhd Line: 7
    Info (12023): Found entity 1: movement_motor File: E:/car_movement (3)/car_movement/RXTX_YB_restored/movement_motor.vhd Line: 3
Info (12021): Found 2 design units, including 1 entities, in source file motor_status.vhd
    Info (12022): Found design unit 1: motor_status-behave File: E:/car_movement (3)/car_movement/RXTX_YB_restored/motor_status.vhd Line: 9
    Info (12023): Found entity 1: motor_status File: E:/car_movement (3)/car_movement/RXTX_YB_restored/motor_status.vhd Line: 3
Info (12021): Found 2 design units, including 1 entities, in source file counter_up_down_2.vhd
    Info (12022): Found design unit 1: counter_up_down_2-behave File: E:/car_movement (3)/car_movement/RXTX_YB_restored/counter_up_down_2.vhd Line: 8
    Info (12023): Found entity 1: counter_up_down_2 File: E:/car_movement (3)/car_movement/RXTX_YB_restored/counter_up_down_2.vhd Line: 3
Info (12021): Found 2 design units, including 1 entities, in source file car_movement.vhd
    Info (12022): Found design unit 1: car_movement-behave File: E:/car_movement (3)/car_movement/RXTX_YB_restored/car_movement.vhd Line: 9
    Info (12023): Found entity 1: car_movement File: E:/car_movement (3)/car_movement/RXTX_YB_restored/car_movement.vhd Line: 3
Info (12021): Found 2 design units, including 1 entities, in source file car_status.vhd
    Info (12022): Found design unit 1: car_status-behave File: E:/car_movement (3)/car_movement/RXTX_YB_restored/car_status.vhd Line: 8
    Info (12023): Found entity 1: car_status File: E:/car_movement (3)/car_movement/RXTX_YB_restored/car_status.vhd Line: 3
Info (12021): Found 2 design units, including 1 entities, in source file servo_status.vhd
    Info (12022): Found design unit 1: servo_status-behave File: E:/car_movement (3)/car_movement/RXTX_YB_restored/servo_status.vhd Line: 8
    Info (12023): Found entity 1: servo_status File: E:/car_movement (3)/car_movement/RXTX_YB_restored/servo_status.vhd Line: 3
Info (12021): Found 2 design units, including 1 entities, in source file motor_movement.vhd
    Info (12022): Found design unit 1: motor_movement-behave File: E:/car_movement (3)/car_movement/RXTX_YB_restored/motor_movement.vhd Line: 9
    Info (12023): Found entity 1: motor_movement File: E:/car_movement (3)/car_movement/RXTX_YB_restored/motor_movement.vhd Line: 3
Info (12021): Found 2 design units, including 1 entities, in source file auto_manual_mux.vhd
    Info (12022): Found design unit 1: Auto_manual_mux-behave File: E:/car_movement (3)/car_movement/RXTX_YB_restored/Auto_manual_mux.vhd Line: 11
    Info (12023): Found entity 1: Auto_manual_mux File: E:/car_movement (3)/car_movement/RXTX_YB_restored/Auto_manual_mux.vhd Line: 4
Info (12021): Found 2 design units, including 1 entities, in source file piezo_led.vhd
    Info (12022): Found design unit 1: piezo_led-behave File: E:/car_movement (3)/car_movement/RXTX_YB_restored/piezo_led.vhd Line: 11
    Info (12023): Found entity 1: piezo_led File: E:/car_movement (3)/car_movement/RXTX_YB_restored/piezo_led.vhd Line: 4
Info (12021): Found 2 design units, including 1 entities, in source file led.vhd
    Info (12022): Found design unit 1: led-behave File: E:/car_movement (3)/car_movement/RXTX_YB_restored/led.vhd Line: 7
    Info (12023): Found entity 1: led File: E:/car_movement (3)/car_movement/RXTX_YB_restored/led.vhd Line: 3
Info (12021): Found 2 design units, including 1 entities, in source file piezo_freq.vhd
    Info (12022): Found design unit 1: piezo_freq-behave File: E:/car_movement (3)/car_movement/RXTX_YB_restored/piezo_freq.vhd Line: 7
    Info (12023): Found entity 1: piezo_freq File: E:/car_movement (3)/car_movement/RXTX_YB_restored/piezo_freq.vhd Line: 3
Info (12021): Found 2 design units, including 1 entities, in source file piezo_control.vhd
    Info (12022): Found design unit 1: piezo_control-behave File: E:/car_movement (3)/car_movement/RXTX_YB_restored/piezo_control.vhd Line: 9
    Info (12023): Found entity 1: piezo_control File: E:/car_movement (3)/car_movement/RXTX_YB_restored/piezo_control.vhd Line: 3
Info (12127): Elaborating entity "rxtx" for the top level hierarchy
Info (12128): Elaborating entity "TX" for hierarchy "TX:inst6"
Info (12128): Elaborating entity "boud" for hierarchy "boud:inst"
Info (12128): Elaborating entity "clkdiv" for hierarchy "clkdiv:inst9"
Info (12128): Elaborating entity "switch_display" for hierarchy "switch_display:inst21"
Warning (10492): VHDL Process Statement warning at switch_display.vhd(16): signal "data_in" is read inside the Process Statement but isn't in the Process Statement's sensitivity list File: E:/car_movement (3)/car_movement/RXTX_YB_restored/switch_display.vhd Line: 16
Warning (10492): VHDL Process Statement warning at switch_display.vhd(18): signal "distance" is read inside the Process Statement but isn't in the Process Statement's sensitivity list File: E:/car_movement (3)/car_movement/RXTX_YB_restored/switch_display.vhd Line: 18
Info (12128): Elaborating entity "distance" for hierarchy "distance:inst18"
Info (12128): Elaborating entity "boudrate_echo" for hierarchy "boudrate_echo:inst19"
Info (12128): Elaborating entity "pwm_servo" for hierarchy "pwm_servo:inst17"
Info (12128): Elaborating entity "servo_degree" for hierarchy "servo_degree:inst27"
Info (12128): Elaborating entity "clk_div_20_Hz" for hierarchy "clk_div_20_Hz:inst16"
Info (12128): Elaborating entity "freq_trig" for hierarchy "freq_trig:inst20"
Info (12128): Elaborating entity "piezo_control" for hierarchy "piezo_control:inst29"
Info (12128): Elaborating entity "piezo_freq" for hierarchy "piezo_freq:inst28"
Info (12128): Elaborating entity "led" for hierarchy "led:inst24"
Info (12128): Elaborating entity "bin2hex" for hierarchy "bin2hex:inst4"
Info (12128): Elaborating entity "half8" for hierarchy "half8:inst3"
Info (12128): Elaborating entity "my_rX" for hierarchy "my_rX:inst2"
Info (12128): Elaborating entity "Auto_manual_mux" for hierarchy "Auto_manual_mux:inst13"
Info (12128): Elaborating entity "spliter" for hierarchy "spliter:inst11"
Info (12128): Elaborating entity "motor_movement" for hierarchy "motor_movement:inst23"
Warning (10492): VHDL Process Statement warning at motor_movement.vhd(13): signal "motor_status" is read inside the Process Statement but isn't in the Process Statement's sensitivity list File: E:/car_movement (3)/car_movement/RXTX_YB_restored/motor_movement.vhd Line: 13
Warning (10492): VHDL Process Statement warning at motor_movement.vhd(14): signal "pwm" is read inside the Process Statement but isn't in the Process Statement's sensitivity list File: E:/car_movement (3)/car_movement/RXTX_YB_restored/motor_movement.vhd Line: 14
Warning (10492): VHDL Process Statement warning at motor_movement.vhd(16): signal "pwm" is read inside the Process Statement but isn't in the Process Statement's sensitivity list File: E:/car_movement (3)/car_movement/RXTX_YB_restored/motor_movement.vhd Line: 16
Warning (10492): VHDL Process Statement warning at motor_movement.vhd(18): signal "motor_status" is read inside the Process Statement but isn't in the Process Statement's sensitivity list File: E:/car_movement (3)/car_movement/RXTX_YB_restored/motor_movement.vhd Line: 18
Warning (10492): VHDL Process Statement warning at motor_movement.vhd(19): signal "pwm" is read inside the Process Statement but isn't in the Process Statement's sensitivity list File: E:/car_movement (3)/car_movement/RXTX_YB_restored/motor_movement.vhd Line: 19
Warning (10492): VHDL Process Statement warning at motor_movement.vhd(22): signal "pwm" is read inside the Process Statement but isn't in the Process Statement's sensitivity list File: E:/car_movement (3)/car_movement/RXTX_YB_restored/motor_movement.vhd Line: 22
Warning (10492): VHDL Process Statement warning at motor_movement.vhd(23): signal "motor_status" is read inside the Process Statement but isn't in the Process Statement's sensitivity list File: E:/car_movement (3)/car_movement/RXTX_YB_restored/motor_movement.vhd Line: 23
Warning (10492): VHDL Process Statement warning at motor_movement.vhd(25): signal "pwm" is read inside the Process Statement but isn't in the Process Statement's sensitivity list File: E:/car_movement (3)/car_movement/RXTX_YB_restored/motor_movement.vhd Line: 25
Warning (10492): VHDL Process Statement warning at motor_movement.vhd(26): signal "pwm" is read inside the Process Statement but isn't in the Process Statement's sensitivity list File: E:/car_movement (3)/car_movement/RXTX_YB_restored/motor_movement.vhd Line: 26
Warning (10492): VHDL Process Statement warning at motor_movement.vhd(35): signal "pwm" is read inside the Process Statement but isn't in the Process Statement's sensitivity list File: E:/car_movement (3)/car_movement/RXTX_YB_restored/motor_movement.vhd Line: 35
Warning (10492): VHDL Process Statement warning at motor_movement.vhd(37): signal "pwm" is read inside the Process Statement but isn't in the Process Statement's sensitivity list File: E:/car_movement (3)/car_movement/RXTX_YB_restored/motor_movement.vhd Line: 37
Info (12128): Elaborating entity "pwm_motor" for hierarchy "pwm_motor:inst25"
Info (12128): Elaborating entity "car_status" for hierarchy "car_status:inst22"
Warning (10492): VHDL Process Statement warning at car_status.vhd(14): signal "servo_status" is read inside the Process Statement but isn't in the Process Statement's sensitivity list File: E:/car_movement (3)/car_movement/RXTX_YB_restored/car_status.vhd Line: 14
Warning (10492): VHDL Process Statement warning at car_status.vhd(16): signal "servo_status" is read inside the Process Statement but isn't in the Process Statement's sensitivity list File: E:/car_movement (3)/car_movement/RXTX_YB_restored/car_status.vhd Line: 16
Warning (10492): VHDL Process Statement warning at car_status.vhd(18): signal "servo_status" is read inside the Process Statement but isn't in the Process Statement's sensitivity list File: E:/car_movement (3)/car_movement/RXTX_YB_restored/car_status.vhd Line: 18
Warning (10631): VHDL Process Statement warning at car_status.vhd(11): inferring latch(es) for signal or variable "motor_status", which holds its previous value in one or more paths through the process File: E:/car_movement (3)/car_movement/RXTX_YB_restored/car_status.vhd Line: 11
Info (10041): Inferred latch for "motor_status[0]" at car_status.vhd(11) File: E:/car_movement (3)/car_movement/RXTX_YB_restored/car_status.vhd Line: 11
Info (10041): Inferred latch for "motor_status[1]" at car_status.vhd(11) File: E:/car_movement (3)/car_movement/RXTX_YB_restored/car_status.vhd Line: 11
Info (12128): Elaborating entity "servo_status" for hierarchy "servo_status:inst26"
Info (12128): Elaborating entity "motor" for hierarchy "motor:inst12"
Info (12128): Elaborating entity "pwm" for hierarchy "pwm:inst1"
Info (278001): Inferred 2 megafunctions from design logic
    Info (278003): Inferred multiplier megafunction ("lpm_mult") from the following logic: "pwm_motor:inst25|Mult0" File: E:/car_movement (3)/car_movement/RXTX_YB_restored/pwm_motor.vhd Line: 43
    Info (278003): Inferred multiplier megafunction ("lpm_mult") from the following logic: "pwm_servo:inst17|Mult0" File: E:/car_movement (3)/car_movement/RXTX_YB_restored/pwm_servo.vhd Line: 14
Info (12130): Elaborated megafunction instantiation "pwm_motor:inst25|lpm_mult:Mult0" File: E:/car_movement (3)/car_movement/RXTX_YB_restored/pwm_motor.vhd Line: 43
Info (12133): Instantiated megafunction "pwm_motor:inst25|lpm_mult:Mult0" with the following parameter: File: E:/car_movement (3)/car_movement/RXTX_YB_restored/pwm_motor.vhd Line: 43
    Info (12134): Parameter "LPM_WIDTHA" = "8"
    Info (12134): Parameter "LPM_WIDTHB" = "8"
    Info (12134): Parameter "LPM_WIDTHP" = "16"
    Info (12134): Parameter "LPM_WIDTHR" = "16"
    Info (12134): Parameter "LPM_WIDTHS" = "1"
    Info (12134): Parameter "LPM_REPRESENTATION" = "UNSIGNED"
    Info (12134): Parameter "INPUT_A_IS_CONSTANT" = "NO"
    Info (12134): Parameter "INPUT_B_IS_CONSTANT" = "YES"
    Info (12134): Parameter "MAXIMIZE_SPEED" = "5"
Info (12131): Elaborated megafunction instantiation "pwm_motor:inst25|lpm_mult:Mult0|multcore:mult_core", which is child of megafunction instantiation "pwm_motor:inst25|lpm_mult:Mult0" File: c:/intelfpga_lite/17.0/quartus/libraries/megafunctions/lpm_mult.tdf Line: 309
Info (12131): Elaborated megafunction instantiation "pwm_motor:inst25|lpm_mult:Mult0|multcore:mult_core|mpar_add:padder", which is child of megafunction instantiation "pwm_motor:inst25|lpm_mult:Mult0" File: c:/intelfpga_lite/17.0/quartus/libraries/megafunctions/multcore.tdf Line: 229
Info (12131): Elaborated megafunction instantiation "pwm_motor:inst25|lpm_mult:Mult0|multcore:mult_core|mpar_add:padder|lpm_add_sub:adder[0]", which is child of megafunction instantiation "pwm_motor:inst25|lpm_mult:Mult0" File: c:/intelfpga_lite/17.0/quartus/libraries/megafunctions/mpar_add.tdf Line: 78
Info (12021): Found 1 design units, including 1 entities, in source file db/add_sub_brg.tdf
    Info (12023): Found entity 1: add_sub_brg File: E:/car_movement (3)/car_movement/RXTX_YB_restored/db/add_sub_brg.tdf Line: 23
Info (12131): Elaborated megafunction instantiation "pwm_motor:inst25|lpm_mult:Mult0|altshift:external_latency_ffs", which is child of megafunction instantiation "pwm_motor:inst25|lpm_mult:Mult0" File: c:/intelfpga_lite/17.0/quartus/libraries/megafunctions/lpm_mult.tdf Line: 352
Info (12130): Elaborated megafunction instantiation "pwm_servo:inst17|lpm_mult:Mult0" File: E:/car_movement (3)/car_movement/RXTX_YB_restored/pwm_servo.vhd Line: 14
Info (12133): Instantiated megafunction "pwm_servo:inst17|lpm_mult:Mult0" with the following parameter: File: E:/car_movement (3)/car_movement/RXTX_YB_restored/pwm_servo.vhd Line: 14
    Info (12134): Parameter "LPM_WIDTHA" = "10"
    Info (12134): Parameter "LPM_WIDTHB" = "8"
    Info (12134): Parameter "LPM_WIDTHP" = "18"
    Info (12134): Parameter "LPM_WIDTHR" = "18"
    Info (12134): Parameter "LPM_WIDTHS" = "1"
    Info (12134): Parameter "LPM_REPRESENTATION" = "UNSIGNED"
    Info (12134): Parameter "INPUT_A_IS_CONSTANT" = "YES"
    Info (12134): Parameter "INPUT_B_IS_CONSTANT" = "NO"
    Info (12134): Parameter "MAXIMIZE_SPEED" = "6"
Info (12131): Elaborated megafunction instantiation "pwm_servo:inst17|lpm_mult:Mult0|multcore:mult_core", which is child of megafunction instantiation "pwm_servo:inst17|lpm_mult:Mult0" File: c:/intelfpga_lite/17.0/quartus/libraries/megafunctions/lpm_mult.tdf Line: 309
Info (12131): Elaborated megafunction instantiation "pwm_servo:inst17|lpm_mult:Mult0|multcore:mult_core|mpar_add:padder", which is child of megafunction instantiation "pwm_servo:inst17|lpm_mult:Mult0" File: c:/intelfpga_lite/17.0/quartus/libraries/megafunctions/multcore.tdf Line: 229
Info (12131): Elaborated megafunction instantiation "pwm_servo:inst17|lpm_mult:Mult0|multcore:mult_core|mpar_add:padder|lpm_add_sub:adder[0]", which is child of megafunction instantiation "pwm_servo:inst17|lpm_mult:Mult0" File: c:/intelfpga_lite/17.0/quartus/libraries/megafunctions/mpar_add.tdf Line: 78
Info (12021): Found 1 design units, including 1 entities, in source file db/add_sub_drg.tdf
    Info (12023): Found entity 1: add_sub_drg File: E:/car_movement (3)/car_movement/RXTX_YB_restored/db/add_sub_drg.tdf Line: 23
Info (12131): Elaborated megafunction instantiation "pwm_servo:inst17|lpm_mult:Mult0|altshift:external_latency_ffs", which is child of megafunction instantiation "pwm_servo:inst17|lpm_mult:Mult0" File: c:/intelfpga_lite/17.0/quartus/libraries/megafunctions/lpm_mult.tdf Line: 352
Info (13000): Registers with preset signals will power-up high File: E:/car_movement (3)/car_movement/RXTX_YB_restored/tx.vhd Line: 7
Info (13003): DEV_CLRn pin will set, and not reset, register with preset signal due to NOT Gate Push-Back
Info (286030): Timing-Driven Synthesis is running
Critical Warning (18061): Ignored Power-Up Level option on the following registers
    Critical Warning (18010): Register TX:inst6|tx_ser_out will power up to High File: E:/car_movement (3)/car_movement/RXTX_YB_restored/tx.vhd Line: 7
Info (17049): 1 registers lost all their fanouts during netlist optimizations.
Info (16010): Generating hard_block partition "hard_block:auto_generated_inst"
    Info (16011): Adding 0 node(s), including 0 DDIO, 0 PLL, 0 transceiver and 0 LCELL
Info (21057): Implemented 638 device resources after synthesis - the final resource count might be different
    Info (21058): Implemented 13 input pins
    Info (21059): Implemented 37 output pins
    Info (21061): Implemented 588 logic cells
Info: Quartus Prime Analysis & Synthesis was successful. 0 errors, 20 warnings
    Info: Peak virtual memory: 4845 megabytes
    Info: Processing ended: Mon Jan 02 14:53:49 2023
    Info: Elapsed time: 00:00:13
    Info: Total CPU time (on all processors): 00:00:23


